[2025-12-13 05:56:44.311] INFO   Char [    1]  Pos: (line=  1, col= 1)  Codepoint: U+0070  →  'p'
[2025-12-13 05:56:44.330] INFO   Char [    1]  Pos: (line=  1, col= 2)  Codepoint: U+0072  →  'r'
[2025-12-13 05:56:44.331] INFO   Char [    1]  Pos: (line=  1, col= 3)  Codepoint: U+0069  →  'i'
[2025-12-13 05:56:44.332] INFO   Char [    1]  Pos: (line=  1, col= 4)  Codepoint: U+006E  →  'n'
[2025-12-13 05:56:44.333] INFO   Char [    1]  Pos: (line=  1, col= 5)  Codepoint: U+0074  →  't'
[2025-12-13 05:56:44.333] INFO   Char [    1]  Pos: (line=  1, col= 6)  Codepoint: U+006C  →  'l'
[2025-12-13 05:56:44.334] INFO   Char [    1]  Pos: (line=  1, col= 7)  Codepoint: U+006E  →  'n'
[2025-12-13 05:56:44.334] INFO   Char [    1]  Pos: (line=  1, col= 8)  Codepoint: U+0028  →  '('
[2025-12-13 05:56:44.336] INFO   Token [  1]  Type: IDENTIFIER    Text: println
[2025-12-13 05:56:44.343] INFO   Char [    2]  Pos: (line=  1, col= 8)  Codepoint: U+0028  →  '('
[2025-12-13 05:56:44.343] INFO   Char [    1]  Pos: (line=  1, col= 9)  Codepoint: U+0022  →  '"'
[2025-12-13 05:56:44.344] INFO   Token [  1]  Type: LPAREN        Text: (
[2025-12-13 05:56:44.346] INFO   Char [    2]  Pos: (line=  1, col= 9)  Codepoint: U+0022  →  '"'
[2025-12-13 05:56:44.347] INFO   Char [    1]  Pos: (line=  1, col=10)  Codepoint: U+0041  →  'A'
[2025-12-13 05:56:44.348] INFO   Char [    1]  Pos: (line=  1, col=11)  Codepoint: U+0022  →  '"'
[2025-12-13 05:56:44.348] INFO   Char [    1]  Pos: (line=  1, col=12)  Codepoint: U+0029  →  ')'
[2025-12-13 05:56:44.349] INFO   Token [  1]  Type: STRING_LITERAL  Text: "A"
[2025-12-13 05:56:44.350] INFO   Char [    2]  Pos: (line=  1, col=12)  Codepoint: U+0029  →  ')'
[2025-12-13 05:56:44.350] INFO   Char [    1]  Pos: (line=  1, col=13)  Codepoint: U+003B  →  ';'
[2025-12-13 05:56:44.351] INFO   Token [  1]  Type: RPAREN        Text: )
[2025-12-13 05:56:44.352] INFO   Char [    2]  Pos: (line=  1, col=13)  Codepoint: U+003B  →  ';'
[2025-12-13 05:56:44.352] INFO   Char [    1]  Pos: (line=  1, col=14)  Codepoint: U+000A  →  \n (newline)
[2025-12-13 05:56:44.352] INFO   Token [  1]  Type: SEMICOLON     Text: ;
[2025-12-13 05:56:44.353] INFO   Char [    2]  Pos: (line=  1, col=14)  Codepoint: U+000A  →  \n (newline)
[2025-12-13 05:56:44.353] INFO   End of input stream reached (no more characters)
[2025-12-13 05:56:44.354] INFO   End of token stream reached (no more tokens)
[2025-12-13 05:56:44.370] INFO    Node [  1]  CallFunction          →  CallFunctionNode  |  CallFunctionNode[identifierNode=IdentifierNode[name=println, line=1, column=1], argumentNodes=[StringLiteralNode[valu...
[2025-12-13 05:56:44.373] INFO    SemanticNode [  1]  Type: CallFunction          →  CallFunctionNode[identifierNode=IdentifierNode[name=println, line=1, column=1], argumentNodes=[StringLiteralNode[value=A, line=1, column=9]], line=...
[2025-12-13 05:56:44.373] INFO    Step [  1]  Output: Interpreted successfully.
[2025-12-13 05:56:44.374] INFO   Char [    3]  Pos: (line=  1, col=14)  Codepoint: U+000A  →  \n (newline)
[2025-12-13 05:56:44.374] INFO   End of input stream reached (no more characters)
[2025-12-13 05:56:44.374] INFO   End of token stream reached (no more tokens)
[2025-12-13 05:56:44.374] WARNING Parsing failed with error: EOL
[2025-12-13 05:56:44.374] ERROR   Semantic error detected: EOL
[2025-12-13 05:56:44.374] ERROR   Interpretation failed: EOL
[2025-12-13 05:56:44.374] INFO    Interpretation halted due to error
[2025-12-13 05:56:54.460] INFO   Char [    1]  Pos: (line=  1, col= 1)  Codepoint: U+0070  →  'p'
[2025-12-13 05:56:54.460] INFO   Char [    1]  Pos: (line=  1, col= 2)  Codepoint: U+0072  →  'r'
[2025-12-13 05:56:54.460] INFO   Char [    1]  Pos: (line=  1, col= 3)  Codepoint: U+0069  →  'i'
[2025-12-13 05:56:54.461] INFO   Char [    1]  Pos: (line=  1, col= 4)  Codepoint: U+006E  →  'n'
[2025-12-13 05:56:54.461] INFO   Char [    1]  Pos: (line=  1, col= 5)  Codepoint: U+0074  →  't'
[2025-12-13 05:56:54.461] INFO   Char [    1]  Pos: (line=  1, col= 6)  Codepoint: U+006C  →  'l'
[2025-12-13 05:56:54.461] INFO   Char [    1]  Pos: (line=  1, col= 7)  Codepoint: U+006E  →  'n'
[2025-12-13 05:56:54.462] INFO   Char [    1]  Pos: (line=  1, col= 8)  Codepoint: U+0028  →  '('
[2025-12-13 05:56:54.462] INFO   Token [  1]  Type: IDENTIFIER    Text: println
[2025-12-13 05:56:54.462] INFO   Char [    2]  Pos: (line=  1, col= 8)  Codepoint: U+0028  →  '('
[2025-12-13 05:56:54.463] INFO   Char [    1]  Pos: (line=  1, col= 9)  Codepoint: U+0022  →  '"'
[2025-12-13 05:56:54.463] INFO   Token [  1]  Type: LPAREN        Text: (
[2025-12-13 05:56:54.463] INFO   Char [    2]  Pos: (line=  1, col= 9)  Codepoint: U+0022  →  '"'
[2025-12-13 05:56:54.463] INFO   Char [    1]  Pos: (line=  1, col=10)  Codepoint: U+0041  →  'A'
[2025-12-13 05:56:54.464] INFO   Char [    1]  Pos: (line=  1, col=11)  Codepoint: U+0022  →  '"'
[2025-12-13 05:56:54.464] INFO   Char [    1]  Pos: (line=  1, col=12)  Codepoint: U+0029  →  ')'
[2025-12-13 05:56:54.464] INFO   Token [  1]  Type: STRING_LITERAL  Text: "A"
[2025-12-13 05:56:54.465] INFO   Char [    2]  Pos: (line=  1, col=12)  Codepoint: U+0029  →  ')'
[2025-12-13 05:56:54.465] INFO   Char [    1]  Pos: (line=  1, col=13)  Codepoint: U+003B  →  ';'
[2025-12-13 05:56:54.465] INFO   Token [  1]  Type: RPAREN        Text: )
[2025-12-13 05:56:54.466] INFO   Char [    2]  Pos: (line=  1, col=13)  Codepoint: U+003B  →  ';'
[2025-12-13 05:56:54.466] INFO   Char [    1]  Pos: (line=  1, col=14)  Codepoint: U+0070  →  'p'
[2025-12-13 05:56:54.466] INFO   Token [  1]  Type: SEMICOLON     Text: ;
[2025-12-13 05:56:54.466] INFO   Char [    2]  Pos: (line=  1, col=14)  Codepoint: U+0070  →  'p'
[2025-12-13 05:56:54.467] INFO   Char [    1]  Pos: (line=  1, col=15)  Codepoint: U+0072  →  'r'
[2025-12-13 05:56:54.467] INFO   Char [    1]  Pos: (line=  1, col=16)  Codepoint: U+0069  →  'i'
[2025-12-13 05:56:54.467] INFO   Char [    1]  Pos: (line=  1, col=17)  Codepoint: U+006E  →  'n'
[2025-12-13 05:56:54.467] INFO   Char [    1]  Pos: (line=  1, col=18)  Codepoint: U+0074  →  't'
[2025-12-13 05:56:54.468] INFO   Char [    1]  Pos: (line=  1, col=19)  Codepoint: U+006C  →  'l'
[2025-12-13 05:56:54.468] INFO   Char [    1]  Pos: (line=  1, col=20)  Codepoint: U+006E  →  'n'
[2025-12-13 05:56:54.468] INFO   Char [    1]  Pos: (line=  1, col=21)  Codepoint: U+0028  →  '('
[2025-12-13 05:56:54.468] INFO   Token [  1]  Type: IDENTIFIER    Text: println
[2025-12-13 05:56:54.469] INFO   Char [    2]  Pos: (line=  1, col=21)  Codepoint: U+0028  →  '('
[2025-12-13 05:56:54.469] INFO   Char [    1]  Pos: (line=  1, col=22)  Codepoint: U+0022  →  '"'
[2025-12-13 05:56:54.469] INFO   Token [  1]  Type: LPAREN        Text: (
[2025-12-13 05:56:54.469] INFO   Char [    2]  Pos: (line=  1, col=22)  Codepoint: U+0022  →  '"'
[2025-12-13 05:56:54.470] INFO   Char [    1]  Pos: (line=  1, col=23)  Codepoint: U+0041  →  'A'
[2025-12-13 05:56:54.470] INFO   Char [    1]  Pos: (line=  1, col=24)  Codepoint: U+0022  →  '"'
[2025-12-13 05:56:54.470] INFO   Char [    1]  Pos: (line=  1, col=25)  Codepoint: U+0029  →  ')'
[2025-12-13 05:56:54.470] INFO   Token [  1]  Type: STRING_LITERAL  Text: "A"
[2025-12-13 05:56:54.471] INFO   Char [    2]  Pos: (line=  1, col=25)  Codepoint: U+0029  →  ')'
[2025-12-13 05:56:54.471] INFO   Char [    1]  Pos: (line=  1, col=26)  Codepoint: U+003B  →  ';'
[2025-12-13 05:56:54.471] INFO   Token [  1]  Type: RPAREN        Text: )
[2025-12-13 05:56:54.471] INFO   Char [    2]  Pos: (line=  1, col=26)  Codepoint: U+003B  →  ';'
[2025-12-13 05:56:54.471] INFO   Char [    1]  Pos: (line=  1, col=27)  Codepoint: U+0070  →  'p'
[2025-12-13 05:56:54.472] INFO   Token [  1]  Type: SEMICOLON     Text: ;
[2025-12-13 05:56:54.472] INFO   Char [    2]  Pos: (line=  1, col=27)  Codepoint: U+0070  →  'p'
[2025-12-13 05:56:54.472] INFO   Char [    1]  Pos: (line=  1, col=28)  Codepoint: U+0072  →  'r'
[2025-12-13 05:56:54.472] INFO   Char [    1]  Pos: (line=  1, col=29)  Codepoint: U+0069  →  'i'
[2025-12-13 05:56:54.473] INFO   Char [    1]  Pos: (line=  1, col=30)  Codepoint: U+006E  →  'n'
[2025-12-13 05:56:54.473] INFO   Char [    1]  Pos: (line=  1, col=31)  Codepoint: U+0074  →  't'
[2025-12-13 05:56:54.473] INFO   Char [    1]  Pos: (line=  1, col=32)  Codepoint: U+006C  →  'l'
[2025-12-13 05:56:54.473] INFO   Char [    1]  Pos: (line=  1, col=33)  Codepoint: U+006E  →  'n'
[2025-12-13 05:56:54.474] INFO   Char [    1]  Pos: (line=  1, col=34)  Codepoint: U+0028  →  '('
[2025-12-13 05:56:54.474] INFO   Token [  1]  Type: IDENTIFIER    Text: println
[2025-12-13 05:56:54.474] INFO   Char [    2]  Pos: (line=  1, col=34)  Codepoint: U+0028  →  '('
[2025-12-13 05:56:54.474] INFO   Char [    1]  Pos: (line=  1, col=35)  Codepoint: U+0022  →  '"'
[2025-12-13 05:56:54.474] INFO   Token [  1]  Type: LPAREN        Text: (
[2025-12-13 05:56:54.475] INFO   Char [    2]  Pos: (line=  1, col=35)  Codepoint: U+0022  →  '"'
[2025-12-13 05:56:54.475] INFO   Char [    1]  Pos: (line=  1, col=36)  Codepoint: U+0041  →  'A'
[2025-12-13 05:56:54.475] INFO   Char [    1]  Pos: (line=  1, col=37)  Codepoint: U+0022  →  '"'
[2025-12-13 05:56:54.475] INFO   Char [    1]  Pos: (line=  1, col=38)  Codepoint: U+0029  →  ')'
[2025-12-13 05:56:54.476] INFO   Token [  1]  Type: STRING_LITERAL  Text: "A"
[2025-12-13 05:56:54.476] INFO   Char [    2]  Pos: (line=  1, col=38)  Codepoint: U+0029  →  ')'
[2025-12-13 05:56:54.476] INFO   Char [    1]  Pos: (line=  1, col=39)  Codepoint: U+003B  →  ';'
[2025-12-13 05:56:54.476] INFO   Token [  1]  Type: RPAREN        Text: )
[2025-12-13 05:56:54.477] INFO   Char [    2]  Pos: (line=  1, col=39)  Codepoint: U+003B  →  ';'
[2025-12-13 05:56:54.477] INFO   Char [    1]  Pos: (line=  1, col=40)  Codepoint: U+0070  →  'p'
[2025-12-13 05:56:54.477] INFO   Token [  1]  Type: SEMICOLON     Text: ;
[2025-12-13 05:56:54.477] INFO   Char [    2]  Pos: (line=  1, col=40)  Codepoint: U+0070  →  'p'
[2025-12-13 05:56:54.478] INFO   Char [    1]  Pos: (line=  1, col=41)  Codepoint: U+0072  →  'r'
[2025-12-13 05:56:54.478] INFO   Char [    1]  Pos: (line=  1, col=42)  Codepoint: U+0069  →  'i'
[2025-12-13 05:56:54.478] INFO   Char [    1]  Pos: (line=  1, col=43)  Codepoint: U+006E  →  'n'
[2025-12-13 05:56:54.478] INFO   Char [    1]  Pos: (line=  1, col=44)  Codepoint: U+0074  →  't'
[2025-12-13 05:56:54.478] INFO   Char [    1]  Pos: (line=  1, col=45)  Codepoint: U+006C  →  'l'
[2025-12-13 05:56:54.479] INFO   Char [    1]  Pos: (line=  1, col=46)  Codepoint: U+006E  →  'n'
[2025-12-13 05:56:54.479] INFO   Char [    1]  Pos: (line=  1, col=47)  Codepoint: U+0028  →  '('
[2025-12-13 05:56:54.479] INFO   Token [  1]  Type: IDENTIFIER    Text: println
[2025-12-13 05:56:54.479] INFO   Char [    2]  Pos: (line=  1, col=47)  Codepoint: U+0028  →  '('
[2025-12-13 05:56:54.479] INFO   Char [    1]  Pos: (line=  1, col=48)  Codepoint: U+0022  →  '"'
[2025-12-13 05:56:54.480] INFO   Token [  1]  Type: LPAREN        Text: (
[2025-12-13 05:56:54.480] INFO   Char [    2]  Pos: (line=  1, col=48)  Codepoint: U+0022  →  '"'
[2025-12-13 05:56:54.480] INFO   Char [    1]  Pos: (line=  1, col=49)  Codepoint: U+0041  →  'A'
[2025-12-13 05:56:54.480] INFO   Char [    1]  Pos: (line=  1, col=50)  Codepoint: U+0022  →  '"'
[2025-12-13 05:56:54.481] INFO   Char [    1]  Pos: (line=  1, col=51)  Codepoint: U+0029  →  ')'
[2025-12-13 05:56:54.481] INFO   Token [  1]  Type: STRING_LITERAL  Text: "A"
[2025-12-13 05:56:54.482] INFO   Char [    2]  Pos: (line=  1, col=51)  Codepoint: U+0029  →  ')'
[2025-12-13 05:56:54.482] INFO   Char [    1]  Pos: (line=  1, col=52)  Codepoint: U+003B  →  ';'
[2025-12-13 05:56:54.483] INFO   Token [  1]  Type: RPAREN        Text: )
[2025-12-13 05:56:54.483] INFO   Char [    2]  Pos: (line=  1, col=52)  Codepoint: U+003B  →  ';'
[2025-12-13 05:56:54.484] INFO   Char [    1]  Pos: (line=  1, col=53)  Codepoint: U+0070  →  'p'
[2025-12-13 05:56:54.485] INFO   Token [  1]  Type: SEMICOLON     Text: ;
[2025-12-13 05:56:54.485] INFO   Char [    2]  Pos: (line=  1, col=53)  Codepoint: U+0070  →  'p'
[2025-12-13 05:56:54.486] INFO   Char [    1]  Pos: (line=  1, col=54)  Codepoint: U+0072  →  'r'
[2025-12-13 05:56:54.487] INFO   Char [    1]  Pos: (line=  1, col=55)  Codepoint: U+0069  →  'i'
[2025-12-13 05:56:54.487] INFO   Char [    1]  Pos: (line=  1, col=56)  Codepoint: U+006E  →  'n'
[2025-12-13 05:56:54.488] INFO   Char [    1]  Pos: (line=  1, col=57)  Codepoint: U+0074  →  't'
[2025-12-13 05:56:54.488] INFO   Char [    1]  Pos: (line=  1, col=58)  Codepoint: U+006C  →  'l'
[2025-12-13 05:56:54.489] INFO   Char [    1]  Pos: (line=  1, col=59)  Codepoint: U+006E  →  'n'
[2025-12-13 05:56:54.489] INFO   Char [    1]  Pos: (line=  1, col=60)  Codepoint: U+0028  →  '('
[2025-12-13 05:56:54.490] INFO   Token [  1]  Type: IDENTIFIER    Text: println
[2025-12-13 05:56:54.490] INFO   Char [    2]  Pos: (line=  1, col=60)  Codepoint: U+0028  →  '('
[2025-12-13 05:56:54.491] INFO   Char [    1]  Pos: (line=  1, col=61)  Codepoint: U+0022  →  '"'
[2025-12-13 05:56:54.491] INFO   Token [  1]  Type: LPAREN        Text: (
[2025-12-13 05:56:54.492] INFO   Char [    2]  Pos: (line=  1, col=61)  Codepoint: U+0022  →  '"'
[2025-12-13 05:56:54.492] INFO   Char [    1]  Pos: (line=  1, col=62)  Codepoint: U+0041  →  'A'
[2025-12-13 05:56:54.493] INFO   Char [    1]  Pos: (line=  1, col=63)  Codepoint: U+0022  →  '"'
[2025-12-13 05:56:54.493] INFO   Char [    1]  Pos: (line=  1, col=64)  Codepoint: U+0029  →  ')'
[2025-12-13 05:56:54.494] INFO   Token [  1]  Type: STRING_LITERAL  Text: "A"
[2025-12-13 05:56:54.494] INFO   Char [    2]  Pos: (line=  1, col=64)  Codepoint: U+0029  →  ')'
[2025-12-13 05:56:54.495] INFO   Char [    1]  Pos: (line=  1, col=65)  Codepoint: U+003B  →  ';'
[2025-12-13 05:56:54.495] INFO   Token [  1]  Type: RPAREN        Text: )
[2025-12-13 05:56:54.496] INFO   Char [    2]  Pos: (line=  1, col=65)  Codepoint: U+003B  →  ';'
[2025-12-13 05:56:54.496] INFO   Char [    1]  Pos: (line=  1, col=66)  Codepoint: U+0070  →  'p'
[2025-12-13 05:56:54.497] INFO   Token [  1]  Type: SEMICOLON     Text: ;
[2025-12-13 05:56:54.498] INFO   Char [    2]  Pos: (line=  1, col=66)  Codepoint: U+0070  →  'p'
[2025-12-13 05:56:54.498] INFO   Char [    1]  Pos: (line=  1, col=67)  Codepoint: U+0072  →  'r'
[2025-12-13 05:56:54.499] INFO   Char [    1]  Pos: (line=  1, col=68)  Codepoint: U+0069  →  'i'
[2025-12-13 05:56:54.499] INFO   Char [    1]  Pos: (line=  1, col=69)  Codepoint: U+006E  →  'n'
[2025-12-13 05:56:54.500] INFO   Char [    1]  Pos: (line=  1, col=70)  Codepoint: U+0074  →  't'
[2025-12-13 05:56:54.501] INFO   Char [    1]  Pos: (line=  1, col=71)  Codepoint: U+006C  →  'l'
[2025-12-13 05:56:54.501] INFO   Char [    1]  Pos: (line=  1, col=72)  Codepoint: U+006E  →  'n'
[2025-12-13 05:56:54.502] INFO   Char [    1]  Pos: (line=  1, col=73)  Codepoint: U+0028  →  '('
[2025-12-13 05:56:54.502] INFO   Token [  1]  Type: IDENTIFIER    Text: println
[2025-12-13 05:56:54.503] INFO   Char [    2]  Pos: (line=  1, col=73)  Codepoint: U+0028  →  '('
[2025-12-13 05:56:54.503] INFO   Char [    1]  Pos: (line=  1, col=74)  Codepoint: U+0022  →  '"'
[2025-12-13 05:56:54.504] INFO   Token [  1]  Type: LPAREN        Text: (
[2025-12-13 05:56:54.504] INFO   Char [    2]  Pos: (line=  1, col=74)  Codepoint: U+0022  →  '"'
[2025-12-13 05:56:54.505] INFO   Char [    1]  Pos: (line=  1, col=75)  Codepoint: U+0041  →  'A'
[2025-12-13 05:56:54.505] INFO   Char [    1]  Pos: (line=  1, col=76)  Codepoint: U+0022  →  '"'
[2025-12-13 05:56:54.505] INFO   Char [    1]  Pos: (line=  1, col=77)  Codepoint: U+0029  →  ')'
[2025-12-13 05:56:54.506] INFO   Token [  1]  Type: STRING_LITERAL  Text: "A"
[2025-12-13 05:56:54.506] INFO   Char [    2]  Pos: (line=  1, col=77)  Codepoint: U+0029  →  ')'
[2025-12-13 05:56:54.507] INFO   Char [    1]  Pos: (line=  1, col=78)  Codepoint: U+003B  →  ';'
[2025-12-13 05:56:54.507] INFO   Token [  1]  Type: RPAREN        Text: )
[2025-12-13 05:56:54.508] INFO   Char [    2]  Pos: (line=  1, col=78)  Codepoint: U+003B  →  ';'
[2025-12-13 05:56:54.508] INFO   Char [    1]  Pos: (line=  1, col=79)  Codepoint: U+0070  →  'p'
[2025-12-13 05:56:54.508] INFO   Token [  1]  Type: SEMICOLON     Text: ;
[2025-12-13 05:56:54.509] INFO   Char [    2]  Pos: (line=  1, col=79)  Codepoint: U+0070  →  'p'
[2025-12-13 05:56:54.509] INFO   Char [    1]  Pos: (line=  1, col=80)  Codepoint: U+0072  →  'r'
[2025-12-13 05:56:54.509] INFO   Char [    1]  Pos: (line=  1, col=81)  Codepoint: U+0069  →  'i'
[2025-12-13 05:56:54.509] INFO   Char [    1]  Pos: (line=  1, col=82)  Codepoint: U+006E  →  'n'
[2025-12-13 05:56:54.509] INFO   Char [    1]  Pos: (line=  1, col=83)  Codepoint: U+0074  →  't'
[2025-12-13 05:56:54.509] INFO   Char [    1]  Pos: (line=  1, col=84)  Codepoint: U+006C  →  'l'
[2025-12-13 05:56:54.510] INFO   Char [    1]  Pos: (line=  1, col=85)  Codepoint: U+006E  →  'n'
[2025-12-13 05:56:54.510] INFO   Char [    1]  Pos: (line=  1, col=86)  Codepoint: U+0028  →  '('
[2025-12-13 05:56:54.510] INFO   Token [  1]  Type: IDENTIFIER    Text: println
[2025-12-13 05:56:54.510] INFO   Char [    2]  Pos: (line=  1, col=86)  Codepoint: U+0028  →  '('
[2025-12-13 05:56:54.510] INFO   Char [    1]  Pos: (line=  1, col=87)  Codepoint: U+0022  →  '"'
[2025-12-13 05:56:54.511] INFO   Token [  1]  Type: LPAREN        Text: (
[2025-12-13 05:56:54.511] INFO   Char [    2]  Pos: (line=  1, col=87)  Codepoint: U+0022  →  '"'
[2025-12-13 05:56:54.511] INFO   Char [    1]  Pos: (line=  1, col=88)  Codepoint: U+0041  →  'A'
[2025-12-13 05:56:54.511] INFO   Char [    1]  Pos: (line=  1, col=89)  Codepoint: U+0022  →  '"'
[2025-12-13 05:56:54.511] INFO   Char [    1]  Pos: (line=  1, col=90)  Codepoint: U+0029  →  ')'
[2025-12-13 05:56:54.511] INFO   Token [  1]  Type: STRING_LITERAL  Text: "A"
[2025-12-13 05:56:54.512] INFO   Char [    2]  Pos: (line=  1, col=90)  Codepoint: U+0029  →  ')'
[2025-12-13 05:56:54.512] INFO   Char [    1]  Pos: (line=  1, col=91)  Codepoint: U+003B  →  ';'
[2025-12-13 05:56:54.512] INFO   Token [  1]  Type: RPAREN        Text: )
[2025-12-13 05:56:54.512] INFO   Char [    2]  Pos: (line=  1, col=91)  Codepoint: U+003B  →  ';'
[2025-12-13 05:56:54.512] INFO   Char [    1]  Pos: (line=  1, col=92)  Codepoint: U+0070  →  'p'
[2025-12-13 05:56:54.512] INFO   Token [  1]  Type: SEMICOLON     Text: ;
[2025-12-13 05:56:54.513] INFO   Char [    2]  Pos: (line=  1, col=92)  Codepoint: U+0070  →  'p'
[2025-12-13 05:56:54.513] INFO   Char [    1]  Pos: (line=  1, col=93)  Codepoint: U+0072  →  'r'
[2025-12-13 05:56:54.513] INFO   Char [    1]  Pos: (line=  1, col=94)  Codepoint: U+0069  →  'i'
[2025-12-13 05:56:54.513] INFO   Char [    1]  Pos: (line=  1, col=95)  Codepoint: U+006E  →  'n'
[2025-12-13 05:56:54.513] INFO   Char [    1]  Pos: (line=  1, col=96)  Codepoint: U+0074  →  't'
[2025-12-13 05:56:54.513] INFO   Char [    1]  Pos: (line=  1, col=97)  Codepoint: U+006C  →  'l'
[2025-12-13 05:56:54.513] INFO   Char [    1]  Pos: (line=  1, col=98)  Codepoint: U+006E  →  'n'
[2025-12-13 05:56:54.514] INFO   Char [    1]  Pos: (line=  1, col=99)  Codepoint: U+0028  →  '('
[2025-12-13 05:56:54.514] INFO   Token [  1]  Type: IDENTIFIER    Text: println
[2025-12-13 05:56:54.514] INFO   Char [    2]  Pos: (line=  1, col=99)  Codepoint: U+0028  →  '('
[2025-12-13 05:56:54.514] INFO   Char [    1]  Pos: (line=  1, col=100)  Codepoint: U+0022  →  '"'
[2025-12-13 05:56:54.514] INFO   Token [  1]  Type: LPAREN        Text: (
[2025-12-13 05:56:54.514] INFO   Char [    2]  Pos: (line=  1, col=100)  Codepoint: U+0022  →  '"'
[2025-12-13 05:56:54.515] INFO   Char [    1]  Pos: (line=  1, col=101)  Codepoint: U+0041  →  'A'
[2025-12-13 05:56:54.515] INFO   Char [    1]  Pos: (line=  1, col=102)  Codepoint: U+0022  →  '"'
[2025-12-13 05:56:54.515] INFO   Char [    1]  Pos: (line=  1, col=103)  Codepoint: U+0029  →  ')'
[2025-12-13 05:56:54.515] INFO   Token [  1]  Type: STRING_LITERAL  Text: "A"
[2025-12-13 05:56:54.515] INFO   Char [    2]  Pos: (line=  1, col=103)  Codepoint: U+0029  →  ')'
[2025-12-13 05:56:54.515] INFO   Char [    1]  Pos: (line=  1, col=104)  Codepoint: U+003B  →  ';'
[2025-12-13 05:56:54.516] INFO   Token [  1]  Type: RPAREN        Text: )
[2025-12-13 05:56:54.516] INFO   Char [    2]  Pos: (line=  1, col=104)  Codepoint: U+003B  →  ';'
[2025-12-13 05:56:54.516] INFO   Char [    1]  Pos: (line=  1, col=105)  Codepoint: U+000A  →  \n (newline)
[2025-12-13 05:56:54.516] INFO   Token [  1]  Type: SEMICOLON     Text: ;
[2025-12-13 05:56:54.516] INFO   Char [    2]  Pos: (line=  1, col=105)  Codepoint: U+000A  →  \n (newline)
[2025-12-13 05:56:54.516] INFO   End of input stream reached (no more characters)
[2025-12-13 05:56:54.516] INFO   End of token stream reached (no more tokens)
[2025-12-13 05:56:54.516] INFO    Node [  1]  CallFunction          →  CallFunctionNode  |  CallFunctionNode[identifierNode=IdentifierNode[name=println, line=1, column=1], argumentNodes=[StringLiteralNode[valu...
[2025-12-13 05:56:54.517] INFO    SemanticNode [  1]  Type: CallFunction          →  CallFunctionNode[identifierNode=IdentifierNode[name=println, line=1, column=1], argumentNodes=[StringLiteralNode[value=A, line=1, column=9]], line=...
[2025-12-13 05:56:54.517] INFO    Step [  1]  Output: Interpreted successfully.
[2025-12-13 05:56:54.517] INFO   Char [    3]  Pos: (line=  1, col=105)  Codepoint: U+000A  →  \n (newline)
[2025-12-13 05:56:54.517] INFO   End of input stream reached (no more characters)
[2025-12-13 05:56:54.517] INFO   End of token stream reached (no more tokens)
[2025-12-13 05:56:54.517] WARNING Parsing failed with error: EOL
[2025-12-13 05:56:54.517] ERROR   Semantic error detected: EOL
[2025-12-13 05:56:54.517] ERROR   Interpretation failed: EOL
[2025-12-13 05:56:54.517] INFO    Interpretation halted due to error
